INFO [2021-07-06 12:13:17] $x
INFO [2021-07-06 12:13:17] list(GenesTG1, GenesTG2, GenesTG3)
INFO [2021-07-06 12:13:17] 
INFO [2021-07-06 12:13:17] $category.names
INFO [2021-07-06 12:13:17] c("Group 1", "Group 2", "Group 3")
INFO [2021-07-06 12:13:17] 
INFO [2021-07-06 12:13:17] $filename
INFO [2021-07-06 12:13:17] [1] "Huellas_Lusc.png"
INFO [2021-07-06 12:13:17] 
INFO [2021-07-06 12:13:17] $output
INFO [2021-07-06 12:13:17] [1] TRUE
INFO [2021-07-06 12:13:17] 
INFO [2021-07-06 12:13:17] $lwd
INFO [2021-07-06 12:13:17] [1] 2
INFO [2021-07-06 12:13:17] 
INFO [2021-07-06 12:13:17] $lty
INFO [2021-07-06 12:13:17] [1] 1
INFO [2021-07-06 12:13:17] 
INFO [2021-07-06 12:13:17] $col
INFO [2021-07-06 12:13:17] c("#A7DA8F", "#F4DC55", "#55CBF4")
INFO [2021-07-06 12:13:17] 
INFO [2021-07-06 12:13:17] $fill
INFO [2021-07-06 12:13:17] c(alpha("#A7DA8F", 0.5), alpha("#F4DC55", 0.5), alpha("#55CBF4", 
INFO [2021-07-06 12:13:17]     0.5))
INFO [2021-07-06 12:13:17] 
INFO [2021-07-06 12:13:17] $cat.cex
INFO [2021-07-06 12:13:17] [1] 0.6
INFO [2021-07-06 12:13:17] 
INFO [2021-07-06 12:13:17] $cat.fontface
INFO [2021-07-06 12:13:17] [1] "bold"
INFO [2021-07-06 12:13:17] 
INFO [2021-07-06 12:13:17] $cat.default.pos
INFO [2021-07-06 12:13:17] [1] "outer"
INFO [2021-07-06 12:13:17] 
INFO [2021-07-06 12:13:17] $cat.fontfamily
INFO [2021-07-06 12:13:17] [1] "sans"
INFO [2021-07-06 12:13:17] 
INFO [2021-07-06 12:13:17] $cex
INFO [2021-07-06 12:13:17] [1] 0.6
INFO [2021-07-06 12:13:17] 
INFO [2021-07-06 12:13:17] $fontface
INFO [2021-07-06 12:13:17] [1] "bold"
INFO [2021-07-06 12:13:17] 
INFO [2021-07-06 12:13:17] $fontfamily
INFO [2021-07-06 12:13:17] [1] "sans"
INFO [2021-07-06 12:13:17] 
INFO [2021-07-06 12:13:17] [[16]]
INFO [2021-07-06 12:13:17] 
INFO [2021-07-06 12:13:17] 
