INFO [2021-08-21 11:55:55] $x
INFO [2021-08-21 11:55:55] list(FT_1, FT_2, FT_3)
INFO [2021-08-21 11:55:55] 
INFO [2021-08-21 11:55:55] $category.names
INFO [2021-08-21 11:55:55] c("Group 1", "Group 3")
INFO [2021-08-21 11:55:55] 
INFO [2021-08-21 11:55:55] $filename
INFO [2021-08-21 11:55:55] [1] "FT_Rewired_LUSC.png"
INFO [2021-08-21 11:55:55] 
INFO [2021-08-21 11:55:55] $output
INFO [2021-08-21 11:55:55] [1] TRUE
INFO [2021-08-21 11:55:55] 
INFO [2021-08-21 11:55:55] $lwd
INFO [2021-08-21 11:55:55] [1] 2
INFO [2021-08-21 11:55:55] 
INFO [2021-08-21 11:55:55] $lty
INFO [2021-08-21 11:55:55] [1] 1
INFO [2021-08-21 11:55:55] 
INFO [2021-08-21 11:55:55] $col
INFO [2021-08-21 11:55:55] c("#A7DA8F", "#F4DC55")
INFO [2021-08-21 11:55:55] 
INFO [2021-08-21 11:55:55] $fill
INFO [2021-08-21 11:55:55] c(alpha("#A7DA8F", 0.5), alpha("#F4DC55", 0.5))
INFO [2021-08-21 11:55:55] 
INFO [2021-08-21 11:55:55] $cat.cex
INFO [2021-08-21 11:55:55] [1] 0.6
INFO [2021-08-21 11:55:55] 
INFO [2021-08-21 11:55:55] $cat.fontface
INFO [2021-08-21 11:55:55] [1] "bold"
INFO [2021-08-21 11:55:55] 
INFO [2021-08-21 11:55:55] $cat.default.pos
INFO [2021-08-21 11:55:55] [1] "outer"
INFO [2021-08-21 11:55:55] 
INFO [2021-08-21 11:55:55] $cat.fontfamily
INFO [2021-08-21 11:55:55] [1] "sans"
INFO [2021-08-21 11:55:55] 
INFO [2021-08-21 11:55:55] $cex
INFO [2021-08-21 11:55:55] [1] 0.6
INFO [2021-08-21 11:55:55] 
INFO [2021-08-21 11:55:55] $fontface
INFO [2021-08-21 11:55:55] [1] "bold"
INFO [2021-08-21 11:55:55] 
INFO [2021-08-21 11:55:55] $fontfamily
INFO [2021-08-21 11:55:55] [1] "sans"
INFO [2021-08-21 11:55:55] 
INFO [2021-08-21 11:55:55] [[16]]
INFO [2021-08-21 11:55:55] 
INFO [2021-08-21 11:55:55] 
