INFO [2021-08-21 11:56:05] $x
INFO [2021-08-21 11:56:05] list(FT_1, FT_3)
INFO [2021-08-21 11:56:05] 
INFO [2021-08-21 11:56:05] $category.names
INFO [2021-08-21 11:56:05] c("Group 1", "Group 3")
INFO [2021-08-21 11:56:05] 
INFO [2021-08-21 11:56:05] $filename
INFO [2021-08-21 11:56:05] [1] "FT_Rewired_LUSC.png"
INFO [2021-08-21 11:56:05] 
INFO [2021-08-21 11:56:05] $output
INFO [2021-08-21 11:56:05] [1] TRUE
INFO [2021-08-21 11:56:05] 
INFO [2021-08-21 11:56:05] $lwd
INFO [2021-08-21 11:56:05] [1] 2
INFO [2021-08-21 11:56:05] 
INFO [2021-08-21 11:56:05] $lty
INFO [2021-08-21 11:56:05] [1] 1
INFO [2021-08-21 11:56:05] 
INFO [2021-08-21 11:56:05] $col
INFO [2021-08-21 11:56:05] c("#A7DA8F", "#F4DC55")
INFO [2021-08-21 11:56:05] 
INFO [2021-08-21 11:56:05] $fill
INFO [2021-08-21 11:56:05] c(alpha("#A7DA8F", 0.5), alpha("#F4DC55", 0.5))
INFO [2021-08-21 11:56:05] 
INFO [2021-08-21 11:56:05] $cat.cex
INFO [2021-08-21 11:56:05] [1] 0.6
INFO [2021-08-21 11:56:05] 
INFO [2021-08-21 11:56:05] $cat.fontface
INFO [2021-08-21 11:56:05] [1] "bold"
INFO [2021-08-21 11:56:05] 
INFO [2021-08-21 11:56:05] $cat.default.pos
INFO [2021-08-21 11:56:05] [1] "outer"
INFO [2021-08-21 11:56:05] 
INFO [2021-08-21 11:56:05] $cat.fontfamily
INFO [2021-08-21 11:56:05] [1] "sans"
INFO [2021-08-21 11:56:05] 
INFO [2021-08-21 11:56:05] $cex
INFO [2021-08-21 11:56:05] [1] 0.6
INFO [2021-08-21 11:56:05] 
INFO [2021-08-21 11:56:05] $fontface
INFO [2021-08-21 11:56:05] [1] "bold"
INFO [2021-08-21 11:56:05] 
INFO [2021-08-21 11:56:05] $fontfamily
INFO [2021-08-21 11:56:05] [1] "sans"
INFO [2021-08-21 11:56:05] 
INFO [2021-08-21 11:56:05] [[16]]
INFO [2021-08-21 11:56:05] 
INFO [2021-08-21 11:56:05] 
